<?xml version="1.0" encoding="UTF-8"?>
<testng-results skipped="1" failed="0" ignored="3" total="6" passed="2">
  <reporter-output>
  </reporter-output>
  <suite name="OperationalTesting" duration-ms="172" started-at="2019-09-21T21:50:54 EDT" finished-at="2019-09-21T21:50:54 EDT">
    <groups>
    </groups>
    <test name="dataproviding testcases" duration-ms="172" started-at="2019-09-21T21:50:54 EDT" finished-at="2019-09-21T21:50:54 EDT">
      <class name="TestCases.MacPurchaseTesting_ParemetrisingFromExcelFile">
        <test-method status="FAIL" signature="setUp()[pri:0, instance:TestCases.MacPurchaseTesting_ParemetrisingFromExcelFile@6500df86]" name="setUp" is-config="true" duration-ms="32" started-at="2019-09-21T21:50:54 EDT" finished-at="2019-09-21T21:50:54 EDT">
          <exception class="java.io.FileNotFoundException">
            <message>
              <![CDATA[C:\Users\itszakaria\workspace\appleWebAppDefault\src\test\resources\parameterizingFromExternalSource.xlsx (The system cannot find the path specified)]]>
            </message>
            <full-stacktrace>
              <![CDATA[java.io.FileNotFoundException: C:\Users\itszakaria\workspace\appleWebAppDefault\src\test\resources\parameterizingFromExternalSource.xlsx (The system cannot find the path specified)
at java.io.FileInputStream.open0(Native Method)
at java.io.FileInputStream.open(FileInputStream.java:195)
at java.io.FileInputStream.<init>(FileInputStream.java:138)
at java.io.FileInputStream.<init>(FileInputStream.java:93)
at TestCases.MacPurchaseTesting_ParemetrisingFromExcelFile.setUp(MacPurchaseTesting_ParemetrisingFromExcelFile.java:52)
at sun.reflect.NativeMethodAccessorImpl.invoke0(Native Method)
at sun.reflect.NativeMethodAccessorImpl.invoke(NativeMethodAccessorImpl.java:62)
at sun.reflect.DelegatingMethodAccessorImpl.invoke(DelegatingMethodAccessorImpl.java:43)
at java.lang.reflect.Method.invoke(Method.java:498)
at org.testng.internal.MethodInvocationHelper.invokeMethod(MethodInvocationHelper.java:133)
at org.testng.internal.MethodInvocationHelper.invokeMethodConsideringTimeout(MethodInvocationHelper.java:62)
at org.testng.internal.ConfigInvoker.invokeConfigurationMethod(ConfigInvoker.java:340)
at org.testng.internal.ConfigInvoker.invokeConfigurations(ConfigInvoker.java:294)
at org.testng.internal.TestMethodWorker.invokeBeforeClassMethods(TestMethodWorker.java:176)
at org.testng.internal.TestMethodWorker.run(TestMethodWorker.java:122)
at java.util.ArrayList.forEach(ArrayList.java:1249)
at org.testng.TestRunner.privateRun(TestRunner.java:770)
at org.testng.TestRunner.run(TestRunner.java:591)
at org.testng.SuiteRunner.runTest(SuiteRunner.java:402)
at org.testng.SuiteRunner.runSequentially(SuiteRunner.java:396)
at org.testng.SuiteRunner.privateRun(SuiteRunner.java:355)
at org.testng.SuiteRunner.run(SuiteRunner.java:304)
at org.testng.SuiteRunnerWorker.runSuite(SuiteRunnerWorker.java:53)
at org.testng.SuiteRunnerWorker.run(SuiteRunnerWorker.java:96)
at org.testng.TestNG.runSuitesSequentially(TestNG.java:1180)
at org.testng.TestNG.runSuitesLocally(TestNG.java:1102)
at org.testng.TestNG.runSuites(TestNG.java:1032)
at org.testng.TestNG.run(TestNG.java:1000)
at org.apache.maven.surefire.testng.TestNGExecutor.run(TestNGExecutor.java:283)
at org.apache.maven.surefire.testng.TestNGXmlTestSuite.execute(TestNGXmlTestSuite.java:75)
at org.apache.maven.surefire.testng.TestNGProvider.invoke(TestNGProvider.java:120)
at org.apache.maven.surefire.booter.ForkedBooter.invokeProviderInSameClassLoader(ForkedBooter.java:373)
at org.apache.maven.surefire.booter.ForkedBooter.runSuitesInProcess(ForkedBooter.java:334)
at org.apache.maven.surefire.booter.ForkedBooter.execute(ForkedBooter.java:119)
at org.apache.maven.surefire.booter.ForkedBooter.main(ForkedBooter.java:407)
]]>
            </full-stacktrace>
          </exception> <!-- java.io.FileNotFoundException -->
          <reporter-output>
          </reporter-output>
        </test-method> <!-- setUp -->
        <test-method status="SKIP" signature="dataParameterPOI(java.lang.String)[pri:0, instance:TestCases.MacPurchaseTesting_ParemetrisingFromExcelFile@6500df86]" name="dataParameterPOI" duration-ms="0" started-at="2019-09-21T21:50:54 EDT" data-provider="getData" finished-at="2019-09-21T21:50:54 EDT">
          <exception class="java.lang.RuntimeException">
            <message>
              <![CDATA[java.lang.NullPointerException]]>
            </message>
            <full-stacktrace>
              <![CDATA[java.lang.RuntimeException: java.lang.NullPointerException
at org.testng.internal.MethodInvocationHelper.invokeMethodNoCheckedException(MethodInvocationHelper.java:50)
at org.testng.internal.MethodInvocationHelper.invokeDataProvider(MethodInvocationHelper.java:146)
at org.testng.internal.Parameters.handleParameters(Parameters.java:820)
at org.testng.internal.Parameters.handleParameters(Parameters.java:762)
at org.testng.internal.ParameterHandler.handleParameters(ParameterHandler.java:60)
at org.testng.internal.ParameterHandler.createParameters(ParameterHandler.java:39)
at org.testng.internal.TestInvoker$MethodInvocationAgent.invoke(TestInvoker.java:771)
at org.testng.internal.TestInvoker.invokeTestMethods(TestInvoker.java:145)
at org.testng.internal.TestMethodWorker.invokeTestMethods(TestMethodWorker.java:146)
at org.testng.internal.TestMethodWorker.run(TestMethodWorker.java:128)
at java.util.ArrayList.forEach(ArrayList.java:1249)
at org.testng.TestRunner.privateRun(TestRunner.java:770)
at org.testng.TestRunner.run(TestRunner.java:591)
at org.testng.SuiteRunner.runTest(SuiteRunner.java:402)
at org.testng.SuiteRunner.runSequentially(SuiteRunner.java:396)
at org.testng.SuiteRunner.privateRun(SuiteRunner.java:355)
at org.testng.SuiteRunner.run(SuiteRunner.java:304)
at org.testng.SuiteRunnerWorker.runSuite(SuiteRunnerWorker.java:53)
at org.testng.SuiteRunnerWorker.run(SuiteRunnerWorker.java:96)
at org.testng.TestNG.runSuitesSequentially(TestNG.java:1180)
at org.testng.TestNG.runSuitesLocally(TestNG.java:1102)
at org.testng.TestNG.runSuites(TestNG.java:1032)
at org.testng.TestNG.run(TestNG.java:1000)
at org.apache.maven.surefire.testng.TestNGExecutor.run(TestNGExecutor.java:283)
at org.apache.maven.surefire.testng.TestNGXmlTestSuite.execute(TestNGXmlTestSuite.java:75)
at org.apache.maven.surefire.testng.TestNGProvider.invoke(TestNGProvider.java:120)
at org.apache.maven.surefire.booter.ForkedBooter.invokeProviderInSameClassLoader(ForkedBooter.java:373)
at org.apache.maven.surefire.booter.ForkedBooter.runSuitesInProcess(ForkedBooter.java:334)
at org.apache.maven.surefire.booter.ForkedBooter.execute(ForkedBooter.java:119)
at org.apache.maven.surefire.booter.ForkedBooter.main(ForkedBooter.java:407)
Caused by: java.lang.NullPointerException
at TestCases.MacPurchaseTesting_ParemetrisingFromExcelFile.getData(MacPurchaseTesting_ParemetrisingFromExcelFile.java:67)
at sun.reflect.NativeMethodAccessorImpl.invoke0(Native Method)
at sun.reflect.NativeMethodAccessorImpl.invoke(NativeMethodAccessorImpl.java:62)
at sun.reflect.DelegatingMethodAccessorImpl.invoke(DelegatingMethodAccessorImpl.java:43)
at java.lang.reflect.Method.invoke(Method.java:498)
at org.testng.internal.MethodInvocationHelper.invokeMethod(MethodInvocationHelper.java:133)
at org.testng.internal.MethodInvocationHelper.invokeMethod(MethodInvocationHelper.java:77)
at org.testng.internal.MethodInvocationHelper.invokeMethodNoCheckedException(MethodInvocationHelper.java:46)
... 29 more
]]>
            </full-stacktrace>
          </exception> <!-- java.lang.RuntimeException -->
          <reporter-output>
          </reporter-output>
        </test-method> <!-- dataParameterPOI -->
        <test-method status="FAIL" signature="tearDown()[pri:0, instance:TestCases.MacPurchaseTesting_ParemetrisingFromExcelFile@6500df86]" name="tearDown" is-config="true" duration-ms="12" started-at="2019-09-21T21:50:54 EDT" finished-at="2019-09-21T21:50:54 EDT">
          <exception class="java.lang.NullPointerException">
            <full-stacktrace>
              <![CDATA[java.lang.NullPointerException
at TestCases.MacPurchaseTesting_ParemetrisingFromExcelFile.tearDown(MacPurchaseTesting_ParemetrisingFromExcelFile.java:166)
at sun.reflect.NativeMethodAccessorImpl.invoke0(Native Method)
at sun.reflect.NativeMethodAccessorImpl.invoke(NativeMethodAccessorImpl.java:62)
at sun.reflect.DelegatingMethodAccessorImpl.invoke(DelegatingMethodAccessorImpl.java:43)
at java.lang.reflect.Method.invoke(Method.java:498)
at org.testng.internal.MethodInvocationHelper.invokeMethod(MethodInvocationHelper.java:133)
at org.testng.internal.MethodInvocationHelper.invokeMethodConsideringTimeout(MethodInvocationHelper.java:62)
at org.testng.internal.ConfigInvoker.invokeConfigurationMethod(ConfigInvoker.java:340)
at org.testng.internal.ConfigInvoker.invokeConfigurations(ConfigInvoker.java:294)
at org.testng.internal.TestMethodWorker.invokeAfterClassMethods(TestMethodWorker.java:217)
at org.testng.internal.TestMethodWorker.run(TestMethodWorker.java:130)
at java.util.ArrayList.forEach(ArrayList.java:1249)
at org.testng.TestRunner.privateRun(TestRunner.java:770)
at org.testng.TestRunner.run(TestRunner.java:591)
at org.testng.SuiteRunner.runTest(SuiteRunner.java:402)
at org.testng.SuiteRunner.runSequentially(SuiteRunner.java:396)
at org.testng.SuiteRunner.privateRun(SuiteRunner.java:355)
at org.testng.SuiteRunner.run(SuiteRunner.java:304)
at org.testng.SuiteRunnerWorker.runSuite(SuiteRunnerWorker.java:53)
at org.testng.SuiteRunnerWorker.run(SuiteRunnerWorker.java:96)
at org.testng.TestNG.runSuitesSequentially(TestNG.java:1180)
at org.testng.TestNG.runSuitesLocally(TestNG.java:1102)
at org.testng.TestNG.runSuites(TestNG.java:1032)
at org.testng.TestNG.run(TestNG.java:1000)
at org.apache.maven.surefire.testng.TestNGExecutor.run(TestNGExecutor.java:283)
at org.apache.maven.surefire.testng.TestNGXmlTestSuite.execute(TestNGXmlTestSuite.java:75)
at org.apache.maven.surefire.testng.TestNGProvider.invoke(TestNGProvider.java:120)
at org.apache.maven.surefire.booter.ForkedBooter.invokeProviderInSameClassLoader(ForkedBooter.java:373)
at org.apache.maven.surefire.booter.ForkedBooter.runSuitesInProcess(ForkedBooter.java:334)
at org.apache.maven.surefire.booter.ForkedBooter.execute(ForkedBooter.java:119)
at org.apache.maven.surefire.booter.ForkedBooter.main(ForkedBooter.java:407)
]]>
            </full-stacktrace>
          </exception> <!-- java.lang.NullPointerException -->
          <reporter-output>
          </reporter-output>
        </test-method> <!-- tearDown -->
      </class> <!-- TestCases.MacPurchaseTesting_ParemetrisingFromExcelFile -->
    </test> <!-- dataproviding testcases -->
  </suite> <!-- OperationalTesting -->
  <suite name="GroupTesting" duration-ms="146977" started-at="2019-09-21T21:50:54 EDT" finished-at="2019-09-21T21:53:21 EDT">
    <groups>
      <group name="macBook">
        <method signature="MacBookAirPageTesting.pageAuthentication()[pri:0, instance:TestCases.MacBookAirPageTesting@31dc339b]" name="pageAuthentication" class="TestCases.MacBookAirPageTesting"/>
        <method signature="MacBookProPageTesting.pageAuthentication()[pri:0, instance:TestCases.MacBookProPageTesting@3c0f93f1]" name="pageAuthentication" class="TestCases.MacBookProPageTesting"/>
      </group> <!-- macBook -->
    </groups>
    <test name="Group Testing" duration-ms="146977" started-at="2019-09-21T21:50:54 EDT" finished-at="2019-09-21T21:53:21 EDT">
      <class name="TestCases.MacBookAirPageTesting">
        <test-method status="PASS" signature="setUp()[pri:0, instance:TestCases.MacBookAirPageTesting@31dc339b]" name="setUp" is-config="true" duration-ms="10320" started-at="2019-09-21T21:51:58 EDT" finished-at="2019-09-21T21:52:09 EDT">
          <reporter-output>
          </reporter-output>
        </test-method> <!-- setUp -->
        <test-method status="PASS" signature="pageAuthentication()[pri:0, instance:TestCases.MacBookAirPageTesting@31dc339b]" name="pageAuthentication" duration-ms="72675" started-at="2019-09-21T21:52:09 EDT" finished-at="2019-09-21T21:53:21 EDT">
          <reporter-output>
          </reporter-output>
        </test-method> <!-- pageAuthentication -->
        <test-method status="PASS" signature="tearDown(org.testng.ITestResult)[pri:0, instance:TestCases.MacBookAirPageTesting@31dc339b]" name="tearDown" is-config="true" duration-ms="0" started-at="2019-09-21T21:53:21 EDT" finished-at="2019-09-21T21:53:21 EDT">
          <params>
            <param index="0">
              <value>
                <![CDATA[[TestResult name=pageAuthentication status=SUCCESS method=MacBookAirPageTesting.pageAuthentication()[pri:0, instance:TestCases.MacBookAirPageTesting@31dc339b] output={null}]]]>
              </value>
            </param>
          </params>
          <reporter-output>
          </reporter-output>
        </test-method> <!-- tearDown -->
        <test-method status="PASS" signature="tearDown()[pri:0, instance:TestCases.MacBookAirPageTesting@31dc339b]" name="tearDown" is-config="true" duration-ms="152" started-at="2019-09-21T21:53:21 EDT" finished-at="2019-09-21T21:53:21 EDT">
          <reporter-output>
          </reporter-output>
        </test-method> <!-- tearDown -->
      </class> <!-- TestCases.MacBookAirPageTesting -->
      <class name="TestCases.MacBookProPageTesting">
        <test-method status="PASS" signature="setUp()[pri:0, instance:TestCases.MacBookProPageTesting@3c0f93f1]" name="setUp" is-config="true" duration-ms="12321" started-at="2019-09-21T21:50:54 EDT" finished-at="2019-09-21T21:51:07 EDT">
          <reporter-output>
          </reporter-output>
        </test-method> <!-- setUp -->
        <test-method status="PASS" signature="pageAuthentication()[pri:0, instance:TestCases.MacBookProPageTesting@3c0f93f1]" name="pageAuthentication" duration-ms="50756" started-at="2019-09-21T21:51:07 EDT" finished-at="2019-09-21T21:51:58 EDT">
          <reporter-output>
          </reporter-output>
        </test-method> <!-- pageAuthentication -->
        <test-method status="PASS" signature="tearDown(org.testng.ITestResult)[pri:0, instance:TestCases.MacBookProPageTesting@3c0f93f1]" name="tearDown" is-config="true" duration-ms="8" started-at="2019-09-21T21:51:58 EDT" finished-at="2019-09-21T21:51:58 EDT">
          <params>
            <param index="0">
              <value>
                <![CDATA[[TestResult name=pageAuthentication status=SUCCESS method=MacBookProPageTesting.pageAuthentication()[pri:0, instance:TestCases.MacBookProPageTesting@3c0f93f1] output={null}]]]>
              </value>
            </param>
          </params>
          <reporter-output>
          </reporter-output>
        </test-method> <!-- tearDown -->
        <test-method status="PASS" signature="tearDown()[pri:0, instance:TestCases.MacBookProPageTesting@3c0f93f1]" name="tearDown" is-config="true" duration-ms="693" started-at="2019-09-21T21:51:58 EDT" finished-at="2019-09-21T21:51:58 EDT">
          <reporter-output>
          </reporter-output>
        </test-method> <!-- tearDown -->
      </class> <!-- TestCases.MacBookProPageTesting -->
    </test> <!-- Group Testing -->
  </suite> <!-- GroupTesting -->
</testng-results>
